<?xml version="1.0" encoding="UTF-8"?>
<!-- Generated by org.testng.reporters.JUnitReportReporter -->
<testsuite hostname="ECO456VinodC" failures="0" tests="2" name="com.automationtalks.demoProject1.TestCase1" time="6.537" errors="0" timestamp="2024-02-08T14:52:47 IST" skipped="0">
  <testcase classname="com.automationtalks.demoProject1.TestCase1" name="Test1" time="2.907"/>
  <testcase classname="com.automationtalks.demoProject1.TestCase1" name="Test2" time="3.630"/>
</testsuite> <!-- com.automationtalks.demoProject1.TestCase1 -->
