<?xml version="1.0" encoding="UTF-8"?>
<!-- Generated by org.testng.reporters.JUnitReportReporter -->
<testsuite hostname="ECO456VinodC" failures="0" tests="2" name="com.automationtalks.demoProject1.TestCase1" time="5.840" errors="0" timestamp="16 Feb 2024 04:48:06 GMT" skipped="0">
  <testcase classname="com.automationtalks.demoProject1.TestCase1" name="Test1" time="3.499"/>
  <testcase classname="com.automationtalks.demoProject1.TestCase1" name="Test2" time="2.341"/>
</testsuite> <!-- com.automationtalks.demoProject1.TestCase1 -->
