<?xml version="1.0" encoding="UTF-8"?>
<!-- Generated by org.testng.reporters.JUnitReportReporter -->
<testsuite hostname="ECO456VinodC" failures="0" tests="2" name="com.automationtalks.demoProject1.TestCase1" time="4.612" errors="0" timestamp="15 Feb 2024 11:00:52 GMT" skipped="0">
  <testcase classname="com.automationtalks.demoProject1.TestCase1" name="Test1" time="2.090"/>
  <testcase classname="com.automationtalks.demoProject1.TestCase1" name="Test2" time="2.522"/>
</testsuite> <!-- com.automationtalks.demoProject1.TestCase1 -->
