<?xml version="1.0" encoding="UTF-8"?>
<!-- Generated by org.testng.reporters.JUnitReportReporter -->
<testsuite hostname="ECO456VinodC" failures="0" tests="2" name="com.automationtalks.demoProject1.TestCase1" time="6.176" errors="0" timestamp="2024-01-30T11:36:56 IST" skipped="0">
  <testcase classname="com.automationtalks.demoProject1.TestCase1" name="Test1" time="3.532"/>
  <testcase classname="com.automationtalks.demoProject1.TestCase1" name="Test2" time="2.644"/>
</testsuite> <!-- com.automationtalks.demoProject1.TestCase1 -->
