<?xml version="1.0" encoding="UTF-8"?>
<!-- Generated by org.testng.reporters.JUnitReportReporter -->
<testsuite hostname="ECO456VinodC" failures="0" tests="2" name="com.automationtalks.demoProject1.TestCase1" time="5.666" errors="0" timestamp="2024-01-29T15:12:34 IST" skipped="0">
  <testcase classname="com.automationtalks.demoProject1.TestCase1" name="Test1" time="2.540"/>
  <testcase classname="com.automationtalks.demoProject1.TestCase1" name="Test2" time="3.126"/>
</testsuite> <!-- com.automationtalks.demoProject1.TestCase1 -->
