<?xml version="1.0" encoding="UTF-8"?>
<!-- Generated by org.testng.reporters.JUnitReportReporter -->
<testsuite hostname="ECO456VinodC" failures="0" tests="2" name="com.automationtalks.demoProject1.TestCase1" time="7.681" errors="0" timestamp="13 Feb 2024 06:36:56 GMT" skipped="0">
  <testcase classname="com.automationtalks.demoProject1.TestCase1" name="Test1" time="3.844"/>
  <testcase classname="com.automationtalks.demoProject1.TestCase1" name="Test2" time="3.837"/>
</testsuite> <!-- com.automationtalks.demoProject1.TestCase1 -->
