<?xml version="1.0" encoding="UTF-8"?>
<!-- Generated by org.testng.reporters.JUnitReportReporter -->
<testsuite hostname="ECO456VinodC" failures="0" tests="2" name="com.automationtalks.demoProject1.TestCase1" time="5.647" errors="0" timestamp="2024-02-08T11:53:11 IST" skipped="0">
  <testcase classname="com.automationtalks.demoProject1.TestCase1" name="Test1" time="2.977"/>
  <testcase classname="com.automationtalks.demoProject1.TestCase1" name="Test2" time="2.670"/>
</testsuite> <!-- com.automationtalks.demoProject1.TestCase1 -->
