<?xml version="1.0" encoding="UTF-8"?>
<!-- Generated by org.testng.reporters.JUnitReportReporter -->
<testsuite hostname="ECO456VinodC" failures="0" tests="2" name="com.automationtalks.demoProject1.TestCase1" time="8.678" errors="0" timestamp="11 Feb 2024 07:19:43 GMT" skipped="0">
  <testcase classname="com.automationtalks.demoProject1.TestCase1" name="Test2" time="3.812"/>
  <testcase classname="com.automationtalks.demoProject1.TestCase1" name="Test1" time="4.866"/>
</testsuite> <!-- com.automationtalks.demoProject1.TestCase1 -->
